<?xml version="1.0" encoding="UTF-8"?>
<!-- Generated by org.testng.reporters.JUnitReportReporter -->
<testsuite hostname="LTIN454349" failures="0" tests="2" name="testCases.TC_002_HeadersInfo" time="30.894" errors="0" timestamp="2024-02-05T09:31:01 IST" skipped="0">
  <testcase classname="testCases.TC_002_HeadersInfo" name="userVerify" time="8.158"/>
  <testcase classname="testCases.TC_002_HeadersInfo" name="getHeadersInfo" time="22.736"/>
</testsuite> <!-- testCases.TC_002_HeadersInfo -->
